[0m09:58:50.771900 [debug] [MainThread]: Sending event: {'category': 'dbt', 'action': 'invocation', 'label': 'start', 'context': [<snowplow_tracker.self_describing_json.SelfDescribingJson object at 0x00000211DA4B6690>, <snowplow_tracker.self_describing_json.SelfDescribingJson object at 0x00000211DA4B4E90>, <snowplow_tracker.self_describing_json.SelfDescribingJson object at 0x00000211DA2B61E0>]}


============================== 09:58:50.826639 | 5347f5a8-6790-4d0e-9c8e-2c5c0a40b3f4 ==============================
[0m09:58:50.826639 [info ] [MainThread]: Running with dbt=1.9.4
[0m09:58:50.826639 [debug] [MainThread]: running dbt with arguments {'printer_width': '80', 'indirect_selection': 'eager', 'write_json': 'True', 'log_cache_events': 'False', 'partial_parse': 'True', 'cache_selected_only': 'False', 'profiles_dir': 'C:\\Users\\paulocardoso\\.dbt', 'fail_fast': 'False', 'warn_error': 'None', 'log_path': 'logs', 'version_check': 'True', 'debug': 'False', 'use_colors': 'True', 'use_experimental_parser': 'False', 'no_print': 'None', 'quiet': 'False', 'empty': 'None', 'log_format': 'default', 'invocation_command': 'dbt init', 'warn_error_options': 'WarnErrorOptions(include=[], exclude=[])', 'static_parser': 'True', 'target_path': 'None', 'introspect': 'True', 'send_anonymous_usage_stats': 'True'}
[0m09:58:50.962332 [warn ] [MainThread]: [ConfigFolderDirectory]: Unable to parse logging event dictionary. Failed to parse dir field: expected string or bytes-like object, got 'WindowsPath'.. Dictionary: {'dir': WindowsPath('C:/Users/paulocardoso/.dbt')}
[0m09:58:50.963337 [info ] [MainThread]: Creating dbt configuration folder at 
[0m11:13:20.124392 [debug] [MainThread]: Starter project path: C:\Users\paulocardoso\OneDrive - ARCO Educacao\Área de Trabalho\Docs_Paulo\Paulo\Cursos\jornada-de-dados\7-dbt-core\.venv\Lib\site-packages\dbt\include\starter_project
[0m11:13:20.296741 [info ] [MainThread]: 
Your new dbt project "northwind" was created!

For more information on how to configure the profiles.yml file,
please consult the dbt documentation here:

  https://docs.getdbt.com/docs/configure-your-profile

One more thing:

Need help? Don't hesitate to reach out to us via GitHub issues or on Slack:

  https://community.getdbt.com/

Happy modeling!

[0m11:13:20.302260 [info ] [MainThread]: Setting up your profile.
[0m11:38:01.196728 [info ] [MainThread]: Profile northwind written to C:\Users\paulocardoso\.dbt\profiles.yml using target's profile_template.yml and your supplied values. Run 'dbt debug' to validate the connection.
[0m11:38:01.207407 [debug] [MainThread]: Command `dbt init` succeeded at 11:38:01.203399 after 5950.71 seconds
[0m11:38:01.213442 [debug] [MainThread]: Sending event: {'category': 'dbt', 'action': 'invocation', 'label': 'end', 'context': [<snowplow_tracker.self_describing_json.SelfDescribingJson object at 0x00000211DB6038F0>, <snowplow_tracker.self_describing_json.SelfDescribingJson object at 0x00000211D9402FC0>, <snowplow_tracker.self_describing_json.SelfDescribingJson object at 0x00000211DB98F7D0>]}
[0m11:38:01.217463 [debug] [MainThread]: Flushing usage events
[0m11:38:01.435286 [debug] [MainThread]: An error was encountered while trying to flush usage events
